#
# A fatal error has been detected by the Java Runtime Environment:
#
#  Internal Error (/home/cfs/openjdk/openjdk/hotspot/src/share/vm/runtime/handles.hpp:81), pid=20608, tid=140737354004224
#  assert(_handle != NULL) failed: resolving NULL handle
#
# JRE version: 6.0_45-b06
# Java VM: OpenJDK 64-Bit Server VM (21.0-b17-internal-jvmg mixed mode linux-amd64 compressed oops)
# Failed to write core dump. Core dumps have been disabled. To enable core dumping, try "ulimit -c unlimited" before starting Java again
#
# If you would like to submit a bug report, please visit:
#   http://bugreport.sun.com/bugreport/crash.jsp
#

---------------  T H R E A D  ---------------

Current thread (0x00007ffff0028000):  JavaThread "Unknown thread" [_thread_in_vm, id=20640, stack(0x00007ffff7edf000,0x00007ffff7fe0000)]

Stack: [0x00007ffff7edf000,0x00007ffff7fe0000],  sp=0x00007ffff7fde0e0,  free space=1020k
Native frames: (J=compiled Java code, j=interpreted, Vv=VM code, C=native code)
V  [libjvm.so+0xa4229e]  VMError::report(outputStream*)+0x101a
V  [libjvm.so+0xa43569]  VMError::report_and_die()+0x603
V  [libjvm.so+0x515278]  report_vm_error(char const*, int, char const*, char const*)+0x93
V  [libjvm.so+0x2c5cc5]  Handle::non_null_obj() const+0x37
V  [libjvm.so+0x31d75e]  Handle::operator->() const+0x18
C  0x00007ffff7fde3df


---------------  P R O C E S S  ---------------

Java Threads: ( => current thread )

Other Threads:

=>0x00007ffff0028000 (exited) JavaThread "Unknown thread" [_thread_in_vm, id=20640, stack(0x00007ffff7edf000,0x00007ffff7fe0000)]

VM state:not at safepoint (not fully initialized)

VM Mutex/Monitor currently owned by a thread: None

Dynamic libraries:
00400000-00408000 r-xp 00000000 fd:00 36552450                           /home/cfs/openjdk/openjdk/hotspot/build/linux/linux_amd64_compiler2/jvmg/gamma
00607000-00608000 r--p 00007000 fd:00 36552450                           /home/cfs/openjdk/openjdk/hotspot/build/linux/linux_amd64_compiler2/jvmg/gamma
00608000-00609000 rw-p 00008000 fd:00 36552450                           /home/cfs/openjdk/openjdk/hotspot/build/linux/linux_amd64_compiler2/jvmg/gamma
00609000-0062a000 rw-p 00000000 00:00 0                                  [heap]
c0a00000-c1ec0000 rw-p 00000000 00:00 0 
c1ec0000-c5c00000 rw-p 00000000 00:00 0 
c5c00000-c82e0000 rw-p 00000000 00:00 0 
c82e0000-ec960000 rw-p 00000000 00:00 0 
ec960000-edcc0000 rw-p 00000000 00:00 0 
edcc0000-100000000 rw-p 00000000 00:00 0 
7fffd8000000-7fffd8021000 rw-p 00000000 00:00 0 
7fffd8021000-7fffdc000000 ---p 00000000 00:00 0 
7fffe0000000-7fffe0021000 rw-p 00000000 00:00 0 
7fffe0021000-7fffe4000000 ---p 00000000 00:00 0 
7fffe4000000-7fffe4021000 rw-p 00000000 00:00 0 
7fffe4021000-7fffe8000000 ---p 00000000 00:00 0 
7fffe8000000-7fffe8021000 rw-p 00000000 00:00 0 
7fffe8021000-7fffec000000 ---p 00000000 00:00 0 
7fffed000000-7fffed270000 rwxp 00000000 00:00 0 
7fffed270000-7ffff0074000 rw-p 00000000 00:00 0 
7ffff0074000-7ffff4000000 ---p 00000000 00:00 0 
7ffff4f94000-7ffff4fe3000 rw-p 00000000 00:00 0 
7ffff4fe3000-7ffff4fe4000 ---p 00000000 00:00 0 
7ffff4fe4000-7ffff50e4000 rwxp 00000000 00:00 0                          [stack:20671]
7ffff50e4000-7ffff50e5000 ---p 00000000 00:00 0 
7ffff50e5000-7ffff51e5000 rwxp 00000000 00:00 0                          [stack:20670]
7ffff51e5000-7ffff51e6000 ---p 00000000 00:00 0 
7ffff51e6000-7ffff52e6000 rwxp 00000000 00:00 0                          [stack:20669]
7ffff52e6000-7ffff52e7000 ---p 00000000 00:00 0 
7ffff52e7000-7ffff53e7000 rwxp 00000000 00:00 0                          [stack:20668]
7ffff53e7000-7ffff53f2000 rw-p 00000000 00:00 0 
7ffff53f2000-7ffff5410000 rw-p 00000000 00:00 0 
7ffff5410000-7ffff5424000 rw-p 00000000 00:00 0 
7ffff5424000-7ffff5547000 rw-p 00000000 00:00 0 
7ffff5547000-7ffff5552000 rw-p 00000000 00:00 0 
7ffff5552000-7ffff5570000 rw-p 00000000 00:00 0 
7ffff5570000-7ffff5584000 rw-p 00000000 00:00 0 
7ffff5584000-7ffff56a6000 rw-p 00000000 00:00 0 
7ffff56a6000-7ffff56b1000 rw-p 00000000 00:00 0 
7ffff56b1000-7ffff5742000 rw-p 00000000 00:00 0 
7ffff5742000-7ffff5743000 rw-p 00000000 00:00 0 
7ffff5743000-7ffff5751000 r-xp 00000000 fd:00 18360581                   /home/cfs/openjdk/jdk1.6/jre/lib/amd64/libzip.so
7ffff5751000-7ffff5853000 ---p 0000e000 fd:00 18360581                   /home/cfs/openjdk/jdk1.6/jre/lib/amd64/libzip.so
7ffff5853000-7ffff5856000 rw-p 00010000 fd:00 18360581                   /home/cfs/openjdk/jdk1.6/jre/lib/amd64/libzip.so
7ffff5856000-7ffff5857000 rw-p 00000000 00:00 0 
7ffff5857000-7ffff5863000 r-xp 00000000 fd:00 1362895                    /usr/lib64/libnss_files-2.17.so
7ffff5863000-7ffff5a62000 ---p 0000c000 fd:00 1362895                    /usr/lib64/libnss_files-2.17.so
7ffff5a62000-7ffff5a63000 r--p 0000b000 fd:00 1362895                    /usr/lib64/libnss_files-2.17.so
7ffff5a63000-7ffff5a64000 rw-p 0000c000 fd:00 1362895                    /usr/lib64/libnss_files-2.17.so
7ffff5a64000-7ffff5a6a000 rw-p 00000000 00:00 0 
7ffff5a6a000-7ffff5a80000 r-xp 00000000 fd:00 1362887                    /usr/lib64/libnsl-2.17.so
7ffff5a80000-7ffff5c7f000 ---p 00016000 fd:00 1362887                    /usr/lib64/libnsl-2.17.so
7ffff5c7f000-7ffff5c80000 r--p 00015000 fd:00 1362887                    /usr/lib64/libnsl-2.17.so
7ffff5c80000-7ffff5c81000 rw-p 00016000 fd:00 1362887                    /usr/lib64/libnsl-2.17.so
7ffff5c81000-7ffff5c83000 rw-p 00000000 00:00 0 
7ffff5c83000-7ffff5cac000 r-xp 00000000 fd:00 18360592                   /home/cfs/openjdk/jdk1.6/jre/lib/amd64/libjava.so
7ffff5cac000-7ffff5dab000 ---p 00029000 fd:00 18360592                   /home/cfs/openjdk/jdk1.6/jre/lib/amd64/libjava.so
7ffff5dab000-7ffff5db2000 rw-p 00028000 fd:00 18360592                   /home/cfs/openjdk/jdk1.6/jre/lib/amd64/libjava.so
7ffff5db2000-7ffff5dbf000 r-xp 00000000 fd:00 18360576                   /home/cfs/openjdk/jdk1.6/jre/lib/amd64/libverify.so
7ffff5dbf000-7ffff5ebe000 ---p 0000d000 fd:00 18360576                   /home/cfs/openjdk/jdk1.6/jre/lib/amd64/libverify.so
7ffff5ebe000-7ffff5ec1000 rw-p 0000c000 fd:00 18360576                   /home/cfs/openjdk/jdk1.6/jre/lib/amd64/libverify.so
7ffff5ec1000-7ffff5ec8000 r-xp 00000000 fd:00 1362907                    /usr/lib64/librt-2.17.so
7ffff5ec8000-7ffff60c7000 ---p 00007000 fd:00 1362907                    /usr/lib64/librt-2.17.so
7ffff60c7000-7ffff60c8000 r--p 00006000 fd:00 1362907                    /usr/lib64/librt-2.17.so
7ffff60c8000-7ffff60c9000 rw-p 00007000 fd:00 1362907                    /usr/lib64/librt-2.17.so
7ffff60c9000-7ffff6281000 r-xp 00000000 fd:00 230891                     /usr/lib64/libc-2.17.so
7ffff6281000-7ffff6481000 ---p 001b8000 fd:00 230891                     /usr/lib64/libc-2.17.so
7ffff6481000-7ffff6485000 r--p 001b8000 fd:00 230891                     /usr/lib64/libc-2.17.so
7ffff6485000-7ffff6487000 rw-p 001bc000 fd:00 230891                     /usr/lib64/libc-2.17.so
7ffff6487000-7ffff648c000 rw-p 00000000 00:00 0 
7ffff648c000-7ffff64a3000 r-xp 00000000 fd:00 1362903                    /usr/lib64/libpthread-2.17.so
7ffff64a3000-7ffff66a2000 ---p 00017000 fd:00 1362903                    /usr/lib64/libpthread-2.17.so
7ffff66a2000-7ffff66a3000 r--p 00016000 fd:00 1362903                    /usr/lib64/libpthread-2.17.so
7ffff66a3000-7ffff66a4000 rw-p 00017000 fd:00 1362903                    /usr/lib64/libpthread-2.17.so
7ffff66a4000-7ffff66a8000 rw-p 00000000 00:00 0 
7ffff66a8000-7ffff66aa000 r-xp 00000000 fd:00 1362883                    /usr/lib64/libdl-2.17.so
7ffff66aa000-7ffff68aa000 ---p 00002000 fd:00 1362883                    /usr/lib64/libdl-2.17.so
7ffff68aa000-7ffff68ab000 r--p 00002000 fd:00 1362883                    /usr/lib64/libdl-2.17.so
7ffff68ab000-7ffff68ac000 rw-p 00003000 fd:00 1362883                    /usr/lib64/libdl-2.17.so
7ffff68ac000-7ffff69ad000 r-xp 00000000 fd:00 1362885                    /usr/lib64/libm-2.17.so
7ffff69ad000-7ffff6bac000 ---p 00101000 fd:00 1362885                    /usr/lib64/libm-2.17.so
7ffff6bac000-7ffff6bad000 r--p 00100000 fd:00 1362885                    /usr/lib64/libm-2.17.so
7ffff6bad000-7ffff6bae000 rw-p 00101000 fd:00 1362885                    /usr/lib64/libm-2.17.so
7ffff6bae000-7ffff7a9a000 r-xp 00000000 fd:00 36552445                   /home/cfs/openjdk/openjdk/hotspot/build/linux/linux_amd64_compiler2/jvmg/libjvm.so
7ffff7a9a000-7ffff7c99000 ---p 00eec000 fd:00 36552445                   /home/cfs/openjdk/openjdk/hotspot/build/linux/linux_amd64_compiler2/jvmg/libjvm.so
7ffff7c99000-7ffff7d26000 r--p 00eeb000 fd:00 36552445                   /home/cfs/openjdk/openjdk/hotspot/build/linux/linux_amd64_compiler2/jvmg/libjvm.so
7ffff7d26000-7ffff7d4b000 rw-p 00f78000 fd:00 36552445                   /home/cfs/openjdk/openjdk/hotspot/build/linux/linux_amd64_compiler2/jvmg/libjvm.so
7ffff7d4b000-7ffff7ddb000 rw-p 00000000 00:00 0 
7ffff7ddb000-7ffff7dfc000 r-xp 00000000 fd:00 85                         /usr/lib64/ld-2.17.so
7ffff7e1f000-7ffff7e29000 rw-p 00000000 00:00 0 
7ffff7e29000-7ffff7edf000 rw-p 00000000 00:00 0 
7ffff7edf000-7ffff7ee2000 ---p 00000000 00:00 0 
7ffff7ee2000-7ffff7fe0000 rwxp 00000000 00:00 0                          [stack:20640]
7ffff7fe0000-7ffff7fe5000 rw-p 00000000 00:00 0 
7ffff7fed000-7ffff7ff5000 rw-s 00000000 fd:00 17530364                   /tmp/hsperfdata_cfs/20608
7ffff7ff5000-7ffff7ff7000 rw-p 00000000 00:00 0 
7ffff7ff7000-7ffff7ff8000 r--p 00000000 00:00 0 
7ffff7ff8000-7ffff7ffa000 rw-p 00000000 00:00 0 
7ffff7ffa000-7ffff7ffc000 r-xp 00000000 00:00 0                          [vdso]
7ffff7ffc000-7ffff7ffd000 r--p 00021000 fd:00 85                         /usr/lib64/ld-2.17.so
7ffff7ffd000-7ffff7ffe000 rw-p 00022000 fd:00 85                         /usr/lib64/ld-2.17.so
7ffff7ffe000-7ffff7fff000 rw-p 00000000 00:00 0 
7ffffffdd000-7fffffffe000 rwxp 00000000 00:00 0                          [stack]
7fffffffe000-7ffffffff000 rw-p 00000000 00:00 0 
ffffffffff600000-ffffffffff601000 r-xp 00000000 00:00 0                  [vsyscall]

VM Arguments:
java_command: bigobj
Launcher Type: gamma

Environment Variables:
JAVA_HOME=/home/cfs/openjdk/jdk1.6
CLASSPATH=.:/home/cfs/openjdk/jdk1.6/jre/lib/rt.jar:/home/cfs/openjdk/jdk1.6/jre/lib/i18n.jar
PATH=/usr/local/bin:/usr/local/sbin:/usr/bin:/usr/sbin:/bin:/sbin:/home/cfs/openjdk/jdk1.6/bin:/home/cfs/.local/bin:/home/cfs/bin
USERNAME=cfs
LD_LIBRARY_PATH=/home/cfs/openjdk/openjdk/hotspot/build/linux/linux_amd64_compiler2/jvmg
SHELL=/bin/bash
DISPLAY=:1

Signal Handlers:
SIGSEGV: [libjvm.so+0xa43e32], sa_mask[0]=0x7ffbfeff, sa_flags=0x10000004
SIGBUS: [libjvm.so+0xa43e32], sa_mask[0]=0x7ffbfeff, sa_flags=0x10000004
SIGFPE: [libjvm.so+0x8b8457], sa_mask[0]=0x7ffbfeff, sa_flags=0x10000004
SIGPIPE: [libjvm.so+0x8b8457], sa_mask[0]=0x7ffbfeff, sa_flags=0x10000004
SIGXFSZ: [libjvm.so+0x8b8457], sa_mask[0]=0x7ffbfeff, sa_flags=0x10000004
SIGILL: [libjvm.so+0x8b8457], sa_mask[0]=0x7ffbfeff, sa_flags=0x10000004
SIGUSR1: SIG_DFL, sa_mask[0]=0x00000000, sa_flags=0x00000000
SIGUSR2: [libjvm.so+0x8b7d6c], sa_mask[0]=0x00000004, sa_flags=0x10000004
SIGHUP: SIG_DFL, sa_mask[0]=0x00000000, sa_flags=0x00000000
SIGINT: SIG_DFL, sa_mask[0]=0x00000000, sa_flags=0x00000000
SIGTERM: SIG_DFL, sa_mask[0]=0x00000000, sa_flags=0x00000000
SIGQUIT: SIG_DFL, sa_mask[0]=0x00000000, sa_flags=0x00000000


---------------  S Y S T E M  ---------------

OS:CentOS Linux release 7.4.1708 (Core) 

uname:Linux 3.10.0-693.el7.x86_64 #1 SMP Tue Aug 22 21:09:27 UTC 2017 x86_64
libc:glibc 2.17 NPTL 2.17 
rlimit: STACK 8192k, CORE 0k, NPROC 4096, NOFILE 4096, AS infinity
load average:0.12 0.19 0.15

/proc/meminfo:
MemTotal:        3816156 kB
MemFree:          132508 kB
MemAvailable:     125872 kB
Buffers:               0 kB
Cached:           122184 kB
SwapCached:         3112 kB
Active:          2385828 kB
Inactive:         914548 kB
Active(anon):    2329316 kB
Inactive(anon):   860044 kB
Active(file):      56512 kB
Inactive(file):    54504 kB
Unevictable:           0 kB
Mlocked:               0 kB
SwapTotal:       2097148 kB
SwapFree:        2020596 kB
Dirty:                24 kB
Writeback:             0 kB
AnonPages:       3175584 kB
Mapped:            41768 kB
Shmem:             10888 kB
Slab:             197680 kB
SReclaimable:     115256 kB
SUnreclaim:        82424 kB
KernelStack:       10496 kB
PageTables:        37252 kB
NFS_Unstable:          0 kB
Bounce:                0 kB
WritebackTmp:          0 kB
CommitLimit:     4005224 kB
Committed_AS:    6088836 kB
VmallocTotal:   34359738367 kB
VmallocUsed:      187212 kB
VmallocChunk:   34359310332 kB
HardwareCorrupted:     0 kB
AnonHugePages:    864256 kB
HugePages_Total:       0
HugePages_Free:        0
HugePages_Rsvd:        0
HugePages_Surp:        0
Hugepagesize:       2048 kB
DirectMap4k:      118592 kB
DirectMap2M:     2977792 kB
DirectMap1G:     1048576 kB


CPU:total 4 (1 cores per cpu, 1 threads per core) family 6 model 70 stepping 1, cmov, cx8, fxsr, mmx, sse, sse2, sse3, ssse3, sse4.1, sse4.2, popcnt

Memory: 4k page, physical 3816156k(132508k free), swap 2097148k(2020596k free)

vm_info: OpenJDK 64-Bit Server VM (21.0-b17-internal-jvmg) for linux-amd64 JRE (1.7.0), built on Apr  5 2018 10:43:30 by "root" with gcc 4.8.5 20150623 (Red Hat 4.8.5-16)

time: Fri Apr  6 23:17:19 2018
elapsed time: 375 seconds

